<?xml version="1.0" encoding="UTF-8"?>
<!-- Generated by org.testng.reporters.JUnitReportReporter -->
<testsuite hostname="DESKTOP-CDRD54P" failures="0" tests="1" name="annotationsPackage.Annotations" time="0.027" errors="0" timestamp="2023-05-25T12:36:04 IST" skipped="0">
  <testcase classname="annotationsPackage.Annotations" name="testMethod" time="0.027"/>
  <system-out>
    <![CDATA[TestMethod Annotations]]>
  </system-out>
</testsuite> <!-- annotationsPackage.Annotations -->
