<?xml version="1.0" encoding="UTF-8"?>
<!-- Generated by org.testng.reporters.JUnitReportReporter -->
<testsuite hostname="DESKTOP-CDRD54P" failures="0" tests="1" name="testNGPackage.Demo" time="0.003" errors="0" timestamp="2023-05-25T12:23:30 IST" skipped="0">
  <testcase classname="testNGPackage.Demo" name="demoMethod" time="0.003"/>
  <system-out>
    <![CDATA[I am doing Automation Testing]]>
  </system-out>
</testsuite> <!-- testNGPackage.Demo -->
