<?xml version="1.0" encoding="UTF-8"?>
<!-- Generated by org.testng.reporters.JUnitReportReporter -->
<testsuite hostname="DESKTOP-CDRD54P" failures="0" tests="1" name="dynamicTakesreenshot.AssertionInTestNG" time="6.069" errors="0" timestamp="2023-05-30T09:12:37 IST" skipped="0">
  <testcase classname="dynamicTakesreenshot.AssertionInTestNG" name="login" time="6.069"/>
  <system-out/>
</testsuite> <!-- dynamicTakesreenshot.AssertionInTestNG -->
