<?xml version="1.0" encoding="UTF-8"?>
<!-- Generated by org.testng.reporters.JUnitReportReporter -->
<testsuite hostname="DESKTOP-CDRD54P" failures="0" tests="1" name="testNGPackage2.DemoTest2" time="0.015" errors="0" timestamp="2023-05-23T12:41:33 IST" skipped="0">
  <testcase classname="testNGPackage2.DemoTest2" name="f" time="0.015"/>
  <system-out>
    <![CDATA[f method from DemoTest1]]>
  </system-out>
</testsuite> <!-- testNGPackage2.DemoTest2 -->
