<?xml version="1.0" encoding="UTF-8"?>
<!-- Generated by org.testng.reporters.JUnitReportReporter -->
<testsuite hostname="DESKTOP-CDRD54P" failures="0" tests="3" name="annotationsPackage.GoogleSearchTestCase" time="16.806" errors="0" timestamp="2023-05-26T10:16:24 IST" skipped="1">
  <testcase classname="annotationsPackage.GoogleSearchTestCase" name="search1" time="9.885"/>
  <system-out/>
  <testcase classname="annotationsPackage.GoogleSearchTestCase" name="serach3" time="6.921"/>
  <system-out/>
  <testcase classname="annotationsPackage.GoogleSearchTestCase" name="search2">
    <skipped/>
  </testcase> <!-- search2 -->
  <system-out/>
</testsuite> <!-- annotationsPackage.GoogleSearchTestCase -->
