<?xml version="1.0" encoding="UTF-8"?>
<!-- Generated by org.testng.reporters.JUnitReportReporter -->
<testsuite hostname="DESKTOP-CDRD54P" failures="0" tests="3" name="testNGPackage2.DemoTest1" time="0.028" errors="0" timestamp="2023-05-23T09:58:34 IST" skipped="0">
  <testcase classname="testNGPackage2.DemoTest1" name="a" time="0.016"/>
  <system-out>
    <![CDATA[a method from DemoTest1]]>
  </system-out>
  <testcase classname="testNGPackage2.DemoTest1" name="c" time="0.005"/>
  <system-out>
    <![CDATA[c method from DemoTest1]]>
  </system-out>
  <testcase classname="testNGPackage2.DemoTest1" name="b" time="0.007"/>
  <system-out>
    <![CDATA[b method from DemoTest1]]>
  </system-out>
</testsuite> <!-- testNGPackage2.DemoTest1 -->
