<?xml version="1.0" encoding="UTF-8"?>
<!-- Generated by org.testng.reporters.JUnitReportReporter -->
<testsuite hostname="DESKTOP-CDRD54P" failures="0" tests="8" name="testNGFlags.Flag4" time="0.035" errors="0" timestamp="2023-05-26T10:40:30 IST" skipped="0">
  <testcase classname="testNGFlags.Flag4" name="g" time="0.017"/>
  <system-out>
    <![CDATA[G method]]>
  </system-out>
  <testcase classname="testNGFlags.Flag4" name="b" time="0.003"/>
  <system-out>
    <![CDATA[B method]]>
  </system-out>
  <testcase classname="testNGFlags.Flag4" name="c" time="0.004"/>
  <system-out>
    <![CDATA[C method]]>
  </system-out>
  <testcase classname="testNGFlags.Flag4" name="h" time="0.002"/>
  <system-out>
    <![CDATA[H method]]>
  </system-out>
  <testcase classname="testNGFlags.Flag4" name="a" time="0.002"/>
  <system-out>
    <![CDATA[A method]]>
  </system-out>
  <testcase classname="testNGFlags.Flag4" name="d" time="0.002"/>
  <system-out>
    <![CDATA[D method]]>
  </system-out>
  <testcase classname="testNGFlags.Flag4" name="e" time="0.002"/>
  <system-out>
    <![CDATA[E method]]>
  </system-out>
  <testcase classname="testNGFlags.Flag4" name="f" time="0.003"/>
  <system-out>
    <![CDATA[F method]]>
  </system-out>
</testsuite> <!-- testNGFlags.Flag4 -->
