<?xml version="1.0" encoding="UTF-8"?>
<!-- Generated by org.testng.reporters.JUnitReportReporter -->
<testsuite hostname="DESKTOP-CDRD54P" failures="0" tests="5" name="dynamicTakesreenshot.ActitimeDataProvider" time="38.053" errors="0" timestamp="2023-05-30T11:09:13 IST" skipped="0">
  <testcase classname="dynamicTakesreenshot.ActitimeDataProvider" name="loginInvalid" time="7.672"/>
  <system-out/>
  <testcase classname="dynamicTakesreenshot.ActitimeDataProvider" name="loginInvalid" time="8.615"/>
  <system-out/>
  <testcase classname="dynamicTakesreenshot.ActitimeDataProvider" name="loginInvalid" time="7.310"/>
  <system-out/>
  <testcase classname="dynamicTakesreenshot.ActitimeDataProvider" name="loginInvalid" time="7.191"/>
  <system-out/>
  <testcase classname="dynamicTakesreenshot.ActitimeDataProvider" name="loginInvalid" time="7.265"/>
  <system-out/>
</testsuite> <!-- dynamicTakesreenshot.ActitimeDataProvider -->
