<?xml version="1.0" encoding="UTF-8"?>
<!-- Generated by org.testng.reporters.JUnitReportReporter -->
<testsuite hostname="DESKTOP-CDRD54P" failures="0" tests="3" name="testNGFlags.Flag5" time="0.020" errors="0" timestamp="2023-05-26T10:56:50 IST" skipped="0">
  <testcase classname="testNGFlags.Flag5" name="loginMethod" time="0.015"/>
  <system-out>
    <![CDATA[Login Performed]]>
  </system-out>
  <testcase classname="testNGFlags.Flag5" name="createUserMethod" time="0.002"/>
  <system-out>
    <![CDATA[Usercreated ]]>
  </system-out>
  <testcase classname="testNGFlags.Flag5" name="logoutMethod" time="0.003"/>
  <system-out>
    <![CDATA[Logout Performed]]>
  </system-out>
</testsuite> <!-- testNGFlags.Flag5 -->
