<?xml version="1.0" encoding="UTF-8"?>
<!-- Generated by org.testng.reporters.JUnitReportReporter -->
<testsuite hostname="DESKTOP-CDRD54P" failures="0" tests="2" name="testNGExecution.SelectBrowser" time="12.682" errors="0" timestamp="2023-05-25T10:41:45 IST" skipped="0">
  <testcase classname="testNGExecution.SelectBrowser" name="method1" time="6.727"/>
  <system-out/>
  <testcase classname="testNGExecution.SelectBrowser" name="method1" time="5.955"/>
  <system-out/>
</testsuite> <!-- testNGExecution.SelectBrowser -->
