<?xml version="1.0" encoding="UTF-8"?>
<!-- Generated by org.testng.reporters.JUnitReportReporter -->
<testsuite hostname="DESKTOP-CDRD54P" failures="0" tests="1" name="testNGPackage2.Test3" time="52.529" errors="0" timestamp="2023-05-24T10:02:37 IST" skipped="0">
  <testcase classname="testNGPackage2.Test3" name="test3Method" time="52.529"/>
  <system-out/>
</testsuite> <!-- testNGPackage2.Test3 -->
