<?xml version="1.0" encoding="UTF-8"?>
<!-- Generated by org.testng.reporters.JUnitReportReporter -->
<testsuite hostname="DESKTOP-CDRD54P" failures="0" tests="3" name="testNGPackage2.DemoTest3" time="0.011" errors="0" timestamp="2023-05-23T09:58:34 IST" skipped="0">
  <testcase classname="testNGPackage2.DemoTest3" name="g" time="0.004"/>
  <system-out>
    <![CDATA[g method from DemoTest1]]>
  </system-out>
  <testcase classname="testNGPackage2.DemoTest3" name="h" time="0.004"/>
  <system-out>
    <![CDATA[h method from DemoTest1]]>
  </system-out>
  <testcase classname="testNGPackage2.DemoTest3" name="i" time="0.003"/>
  <system-out>
    <![CDATA[i method from DemoTest1]]>
  </system-out>
</testsuite> <!-- testNGPackage2.DemoTest3 -->
