<?xml version="1.0" encoding="UTF-8"?>
<!-- Generated by org.testng.reporters.JUnitReportReporter -->
<testsuite hostname="DESKTOP-CDRD54P" failures="0" tests="2" name="testNGPackage2.MethodExecution" time="0.025" errors="0" timestamp="2023-05-25T12:28:44 IST" skipped="0">
  <testcase classname="testNGPackage2.MethodExecution" name="method1" time="0.020"/>
  <system-out>
    <![CDATA[1: is the thread id of method
Method 1]]>
  </system-out>
  <testcase classname="testNGPackage2.MethodExecution" name="method2" time="0.005"/>
  <system-out>
    <![CDATA[1: is the thread id of method
Method 2]]>
  </system-out>
</testsuite> <!-- testNGPackage2.MethodExecution -->
