<?xml version="1.0" encoding="UTF-8"?>
<!-- Generated by org.testng.reporters.JUnitReportReporter -->
<testsuite hostname="DESKTOP-CDRD54P" failures="0" tests="1" name="testNGPackage.Sumo" time="0.019" errors="0" timestamp="2023-05-25T12:23:30 IST" skipped="0">
  <testcase classname="testNGPackage.Sumo" name="sumoMethod" time="0.019"/>
  <system-out>
    <![CDATA[I am doing API Testing]]>
  </system-out>
</testsuite> <!-- testNGPackage.Sumo -->
