<?xml version="1.0" encoding="UTF-8"?>
<!-- Generated by org.testng.reporters.JUnitReportReporter -->
<testsuite hostname="DESKTOP-CDRD54P" failures="0" tests="1" name="testPackage.ValidEndtToEndTestCase" time="55.718" errors="0" timestamp="2023-06-03T12:56:26 IST" skipped="0">
  <testcase classname="testPackage.ValidEndtToEndTestCase" name="endtoendmethod" time="55.718"/>
  <system-out/>
</testsuite> <!-- testPackage.ValidEndtToEndTestCase -->
