<?xml version="1.0" encoding="UTF-8"?>
<!-- Generated by org.testng.reporters.JUnitReportReporter -->
<testsuite hostname="DESKTOP-CDRD54P" failures="0" tests="1" name="testPackage.ValidLoginTestCase" time="86.887" errors="0" timestamp="2023-06-02T12:28:51 IST" skipped="0">
  <testcase classname="testPackage.ValidLoginTestCase" name="endtoendmethod" time="86.887"/>
  <system-out/>
</testsuite> <!-- testPackage.ValidLoginTestCase -->
